0 info it worked if it ends with ok
1 verbose cli [ 'nodejs', '/usr/bin/npm', 'start' ]
2 info using npm@1.1.48
3 info using node@v0.8.6
4 verbose config file /home/alexishevia/.npmrc
5 verbose config file /usr/etc/npmrc
6 verbose config file /usr/lib/nodejs/npm/npmrc
7 verbose read json /home/alexishevia/Projects/AppPrestamos/package.json
8 verbose run-script [ 'prestart', 'start', 'poststart' ]
9 info prestart app-prestamos-trisfera@0.1.0
10 info start app-prestamos-trisfera@0.1.0
11 verbose unsafe-perm in lifecycle true
12 silly exec sh "-c" "node app/server.js"
13 silly sh,-c,node app/server.js,/home/alexishevia/Projects/AppPrestamos spawning
14 info app-prestamos-trisfera@0.1.0 Failed to exec start script
15 error app-prestamos-trisfera@0.1.0 start: `node app/server.js`
15 error `sh "-c" "node app/server.js"` failed with 1
16 error Failed at the app-prestamos-trisfera@0.1.0 start script.
16 error This is most likely a problem with the app-prestamos-trisfera package,
16 error not with npm itself.
16 error Tell the author that this fails on your system:
16 error     node app/server.js
16 error You can get their info via:
16 error     npm owner ls app-prestamos-trisfera
16 error There is likely additional logging output above.
17 error System Linux 3.2.0-27-generic-pae
18 error command "nodejs" "/usr/bin/npm" "start"
19 error cwd /home/alexishevia/Projects/AppPrestamos
20 error node -v v0.8.6
21 error npm -v 1.1.48
22 error code ELIFECYCLE
23 verbose exit [ 1, true ]
